{"C:\\Users\\86131\\Desktop\\seat-booking-app\\script\\Service.js": {"path":"C:\\Users\\86131\\Desktop\\seat-booking-app\\script\\Service.js","statementMap":{},"fnMap":{},"branchMap":{},"s":{},"f":{},"b":{},"_coverageSchema":"1a1c01bbd47fc00a2c39e90264f33305004495a9","hash":"09cc6e2a6c3fcbc70ac8f766b19b7cc597472df4"}
,"C:\\Users\\86131\\Desktop\\seat-booking-app\\script\\babel.config.js": {"path":"C:\\Users\\86131\\Desktop\\seat-booking-app\\script\\babel.config.js","statementMap":{},"fnMap":{},"branchMap":{},"s":{},"f":{},"b":{}}
,"C:\\Users\\86131\\Desktop\\seat-booking-app\\script\\seat-booking-app.js": {"path":"C:\\Users\\86131\\Desktop\\seat-booking-app\\script\\seat-booking-app.js","statementMap":{"0":{"start":{"line":5,"column":8},"end":{"line":5,"column":26}},"1":{"start":{"line":6,"column":8},"end":{"line":6,"column":27}},"2":{"start":{"line":7,"column":8},"end":{"line":7,"column":36}},"3":{"start":{"line":8,"column":8},"end":{"line":8,"column":28}},"4":{"start":{"line":9,"column":8},"end":{"line":9,"column":36}},"5":{"start":{"line":12,"column":8},"end":{"line":12,"column":26}},"6":{"start":{"line":15,"column":8},"end":{"line":15,"column":35}},"7":{"start":{"line":18,"column":8},"end":{"line":18,"column":29}},"8":{"start":{"line":22,"column":24},"end":{"line":22,"column":46}},"9":{"start":{"line":23,"column":8},"end":{"line":32,"column":11}},"10":{"start":{"line":24,"column":29},"end":{"line":24,"column":43}},"11":{"start":{"line":25,"column":32},"end":{"line":25,"column":59}},"12":{"start":{"line":26,"column":12},"end":{"line":31,"column":14}},"13":{"start":{"line":35,"column":8},"end":{"line":35,"column":38}},"14":{"start":{"line":38,"column":20},"end":{"line":38,"column":51}},"15":{"start":{"line":39,"column":22},"end":{"line":39,"column":61}},"16":{"start":{"line":40,"column":4},"end":{"line":40,"column":29}},"17":{"start":{"line":41,"column":4},"end":{"line":61,"column":6}},"18":{"start":{"line":42,"column":28},"end":{"line":42,"column":56}},"19":{"start":{"line":43,"column":27},"end":{"line":43,"column":40}},"20":{"start":{"line":44,"column":24},"end":{"line":44,"column":45}},"21":{"start":{"line":46,"column":25},"end":{"line":46,"column":55}},"22":{"start":{"line":47,"column":8},"end":{"line":47,"column":42}},"23":{"start":{"line":49,"column":22},"end":{"line":49,"column":53}},"24":{"start":{"line":50,"column":8},"end":{"line":50,"column":43}},"25":{"start":{"line":51,"column":8},"end":{"line":51,"column":44}},"26":{"start":{"line":53,"column":27},"end":{"line":53,"column":58}},"27":{"start":{"line":54,"column":8},"end":{"line":54,"column":47}},"28":{"start":{"line":55,"column":8},"end":{"line":55,"column":50}},"29":{"start":{"line":57,"column":8},"end":{"line":57,"column":42}},"30":{"start":{"line":58,"column":8},"end":{"line":58,"column":39}},"31":{"start":{"line":59,"column":8},"end":{"line":59,"column":44}},"32":{"start":{"line":60,"column":8},"end":{"line":60,"column":43}},"33":{"start":{"line":64,"column":8},"end":{"line":64,"column":37}},"34":{"start":{"line":67,"column":8},"end":{"line":67,"column":30}},"35":{"start":{"line":71,"column":25},"end":{"line":71,"column":48}},"36":{"start":{"line":73,"column":32},"end":{"line":73,"column":72}},"37":{"start":{"line":75,"column":8},"end":{"line":75,"column":39}},"38":{"start":{"line":77,"column":8},"end":{"line":82,"column":10}},"39":{"start":{"line":78,"column":34},"end":{"line":78,"column":66}},"40":{"start":{"line":79,"column":12},"end":{"line":79,"column":65}},"41":{"start":{"line":80,"column":12},"end":{"line":80,"column":58}},"42":{"start":{"line":81,"column":12},"end":{"line":81,"column":55}},"43":{"start":{"line":84,"column":8},"end":{"line":84,"column":55}},"44":{"start":{"line":87,"column":8},"end":{"line":87,"column":38}},"45":{"start":{"line":92,"column":25},"end":{"line":92,"column":48}},"46":{"start":{"line":93,"column":8},"end":{"line":95,"column":10}},"47":{"start":{"line":94,"column":12},"end":{"line":94,"column":65}},"48":{"start":{"line":98,"column":8},"end":{"line":98,"column":43}},"49":{"start":{"line":103,"column":31},"end":{"line":103,"column":55}},"50":{"start":{"line":105,"column":8},"end":{"line":112,"column":9}},"51":{"start":{"line":107,"column":37},"end":{"line":107,"column":76}},"52":{"start":{"line":108,"column":38},"end":{"line":108,"column":78}},"53":{"start":{"line":110,"column":12},"end":{"line":110,"column":62}},"54":{"start":{"line":111,"column":12},"end":{"line":111,"column":64}},"55":{"start":{"line":116,"column":8},"end":{"line":123,"column":9}},"56":{"start":{"line":118,"column":12},"end":{"line":118,"column":108}},"57":{"start":{"line":121,"column":12},"end":{"line":121,"column":107}},"58":{"start":{"line":122,"column":12},"end":{"line":122,"column":106}},"59":{"start":{"line":127,"column":29},"end":{"line":127,"column":95}},"60":{"start":{"line":129,"column":8},"end":{"line":139,"column":9}},"61":{"start":{"line":131,"column":12},"end":{"line":131,"column":77}},"62":{"start":{"line":133,"column":12},"end":{"line":138,"column":14}},"63":{"start":{"line":135,"column":41},"end":{"line":135,"column":83}},"64":{"start":{"line":136,"column":16},"end":{"line":136,"column":74}},"65":{"start":{"line":137,"column":16},"end":{"line":137,"column":48}},"66":{"start":{"line":142,"column":27},"end":{"line":142,"column":51}},"67":{"start":{"line":143,"column":4},"end":{"line":143,"column":32}},"68":{"start":{"line":143,"column":25},"end":{"line":143,"column":32}},"69":{"start":{"line":144,"column":25},"end":{"line":144,"column":50}},"70":{"start":{"line":145,"column":29},"end":{"line":145,"column":60}},"71":{"start":{"line":147,"column":28},"end":{"line":147,"column":61}},"72":{"start":{"line":148,"column":22},"end":{"line":148,"column":62}},"73":{"start":{"line":149,"column":4},"end":{"line":149,"column":29}},"74":{"start":{"line":150,"column":32},"end":{"line":150,"column":76}},"75":{"start":{"line":151,"column":4},"end":{"line":151,"column":39}},"76":{"start":{"line":152,"column":21},"end":{"line":152,"column":22}},"77":{"start":{"line":153,"column":4},"end":{"line":175,"column":6}},"78":{"start":{"line":155,"column":28},"end":{"line":155,"column":59}},"79":{"start":{"line":156,"column":8},"end":{"line":156,"column":33}},"80":{"start":{"line":156,"column":26},"end":{"line":156,"column":33}},"81":{"start":{"line":157,"column":32},"end":{"line":157,"column":74}},"82":{"start":{"line":158,"column":28},"end":{"line":160,"column":26}},"83":{"start":{"line":159,"column":12},"end":{"line":159,"column":54}},"84":{"start":{"line":161,"column":26},"end":{"line":161,"column":77}},"85":{"start":{"line":162,"column":8},"end":{"line":162,"column":32}},"86":{"start":{"line":163,"column":25},"end":{"line":163,"column":53}},"87":{"start":{"line":164,"column":27},"end":{"line":164,"column":57}},"88":{"start":{"line":165,"column":8},"end":{"line":165,"column":39}},"89":{"start":{"line":166,"column":30},"end":{"line":166,"column":60}},"90":{"start":{"line":167,"column":8},"end":{"line":167,"column":51}},"91":{"start":{"line":168,"column":8},"end":{"line":168,"column":39}},"92":{"start":{"line":169,"column":8},"end":{"line":169,"column":40}},"93":{"start":{"line":170,"column":8},"end":{"line":170,"column":43}},"94":{"start":{"line":171,"column":34},"end":{"line":171,"column":64}},"95":{"start":{"line":172,"column":8},"end":{"line":172,"column":92}},"96":{"start":{"line":173,"column":8},"end":{"line":173,"column":43}},"97":{"start":{"line":174,"column":8},"end":{"line":174,"column":58}},"98":{"start":{"line":210,"column":8},"end":{"line":210,"column":39}},"99":{"start":{"line":211,"column":8},"end":{"line":211,"column":26}},"100":{"start":{"line":212,"column":8},"end":{"line":212,"column":28}},"101":{"start":{"line":213,"column":8},"end":{"line":213,"column":33}},"102":{"start":{"line":214,"column":8},"end":{"line":214,"column":31}},"103":{"start":{"line":217,"column":8},"end":{"line":217,"column":24}},"104":{"start":{"line":220,"column":8},"end":{"line":220,"column":26}},"105":{"start":{"line":223,"column":8},"end":{"line":223,"column":27}},"106":{"start":{"line":226,"column":8},"end":{"line":226,"column":26}},"107":{"start":{"line":229,"column":8},"end":{"line":229,"column":28}},"108":{"start":{"line":232,"column":8},"end":{"line":232,"column":33}},"109":{"start":{"line":236,"column":30},"end":{"line":236,"column":53}},"110":{"start":{"line":238,"column":8},"end":{"line":240,"column":10}},"111":{"start":{"line":239,"column":12},"end":{"line":239,"column":43}},"112":{"start":{"line":242,"column":8},"end":{"line":242,"column":34}},"113":{"start":{"line":244,"column":8},"end":{"line":244,"column":31}},"114":{"start":{"line":247,"column":8},"end":{"line":247,"column":35}},"115":{"start":{"line":250,"column":8},"end":{"line":250,"column":38}},"116":{"start":{"line":253,"column":18},"end":{"line":255,"column":6}},"117":{"start":{"line":254,"column":8},"end":{"line":254,"column":28}},"118":{"start":{"line":256,"column":4},"end":{"line":258,"column":5}},"119":{"start":{"line":257,"column":8},"end":{"line":257,"column":45}},"120":{"start":{"line":261,"column":8},"end":{"line":261,"column":33}},"121":{"start":{"line":264,"column":8},"end":{"line":264,"column":34}},"122":{"start":{"line":268,"column":29},"end":{"line":268,"column":63}},"123":{"start":{"line":270,"column":8},"end":{"line":275,"column":10}},"124":{"start":{"line":271,"column":12},"end":{"line":274,"column":13}},"125":{"start":{"line":272,"column":12},"end":{"line":272,"column":52}},"126":{"start":{"line":273,"column":12},"end":{"line":273,"column":47}},"127":{"start":{"line":281,"column":8},"end":{"line":281,"column":37}},"128":{"start":{"line":282,"column":8},"end":{"line":282,"column":48}},"129":{"start":{"line":283,"column":8},"end":{"line":283,"column":39}},"130":{"start":{"line":284,"column":8},"end":{"line":284,"column":38}},"131":{"start":{"line":288,"column":8},"end":{"line":301,"column":9}},"132":{"start":{"line":288,"column":20},"end":{"line":288,"column":21}},"133":{"start":{"line":289,"column":26},"end":{"line":289,"column":44}},"134":{"start":{"line":292,"column":12},"end":{"line":300,"column":13}},"135":{"start":{"line":292,"column":24},"end":{"line":292,"column":25}},"136":{"start":{"line":293,"column":31},"end":{"line":293,"column":46}},"137":{"start":{"line":295,"column":16},"end":{"line":299,"column":19}},"138":{"start":{"line":304,"column":8},"end":{"line":304,"column":24}},"139":{"start":{"line":307,"column":8},"end":{"line":307,"column":37}},"140":{"start":{"line":310,"column":8},"end":{"line":310,"column":48}},"141":{"start":{"line":314,"column":29},"end":{"line":314,"column":72}},"142":{"start":{"line":316,"column":8},"end":{"line":316,"column":65}},"143":{"start":{"line":316,"column":26},"end":{"line":316,"column":65}},"144":{"start":{"line":319,"column":31},"end":{"line":319,"column":63}},"145":{"start":{"line":321,"column":8},"end":{"line":321,"column":69}},"146":{"start":{"line":321,"column":28},"end":{"line":321,"column":69}},"147":{"start":{"line":323,"column":25},"end":{"line":323,"column":33}},"148":{"start":{"line":325,"column":27},"end":{"line":325,"column":44}},"149":{"start":{"line":327,"column":22},"end":{"line":327,"column":33}},"150":{"start":{"line":330,"column":30},"end":{"line":330,"column":59}},"151":{"start":{"line":331,"column":8},"end":{"line":331,"column":46}},"152":{"start":{"line":332,"column":8},"end":{"line":332,"column":51}},"153":{"start":{"line":333,"column":8},"end":{"line":333,"column":50}},"154":{"start":{"line":335,"column":8},"end":{"line":335,"column":50}},"155":{"start":{"line":337,"column":8},"end":{"line":356,"column":9}},"156":{"start":{"line":337,"column":20},"end":{"line":337,"column":21}},"157":{"start":{"line":339,"column":31},"end":{"line":339,"column":60}},"158":{"start":{"line":340,"column":12},"end":{"line":340,"column":44}},"159":{"start":{"line":341,"column":12},"end":{"line":341,"column":66}},"160":{"start":{"line":343,"column":12},"end":{"line":343,"column":50}},"161":{"start":{"line":345,"column":12},"end":{"line":355,"column":13}},"162":{"start":{"line":345,"column":24},"end":{"line":345,"column":25}},"163":{"start":{"line":347,"column":16},"end":{"line":354,"column":17}},"164":{"start":{"line":349,"column":40},"end":{"line":349,"column":69}},"165":{"start":{"line":350,"column":20},"end":{"line":350,"column":54}},"166":{"start":{"line":351,"column":20},"end":{"line":351,"column":66}},"167":{"start":{"line":353,"column":20},"end":{"line":353,"column":56}},"168":{"start":{"line":359,"column":28},"end":{"line":359,"column":58}},"169":{"start":{"line":360,"column":8},"end":{"line":360,"column":43}},"170":{"start":{"line":361,"column":8},"end":{"line":361,"column":51}},"171":{"start":{"line":362,"column":8},"end":{"line":362,"column":47}},"172":{"start":{"line":367,"column":17},"end":{"line":367,"column":46}},"173":{"start":{"line":368,"column":0},"end":{"line":368,"column":24}},"174":{"start":{"line":370,"column":17},"end":{"line":370,"column":50}},"175":{"start":{"line":371,"column":0},"end":{"line":371,"column":24}},"176":{"start":{"line":373,"column":17},"end":{"line":373,"column":54}},"177":{"start":{"line":374,"column":0},"end":{"line":374,"column":24}},"178":{"start":{"line":376,"column":18},"end":{"line":376,"column":58}},"179":{"start":{"line":377,"column":0},"end":{"line":377,"column":25}},"180":{"start":{"line":379,"column":18},"end":{"line":379,"column":58}},"181":{"start":{"line":380,"column":0},"end":{"line":380,"column":25}},"182":{"start":{"line":382,"column":18},"end":{"line":382,"column":44}},"183":{"start":{"line":383,"column":0},"end":{"line":383,"column":25}},"184":{"start":{"line":386,"column":26},"end":{"line":399,"column":1}},"185":{"start":{"line":387,"column":15},"end":{"line":387,"column":17}},"186":{"start":{"line":389,"column":4},"end":{"line":389,"column":43}},"187":{"start":{"line":390,"column":4},"end":{"line":395,"column":5}},"188":{"start":{"line":391,"column":8},"end":{"line":394,"column":9}},"189":{"start":{"line":392,"column":12},"end":{"line":392,"column":45}},"190":{"start":{"line":393,"column":12},"end":{"line":393,"column":112}},"191":{"start":{"line":397,"column":4},"end":{"line":397,"column":122}},"192":{"start":{"line":398,"column":4},"end":{"line":398,"column":123}},"193":{"start":{"line":403,"column":4},"end":{"line":403,"column":94}},"194":{"start":{"line":404,"column":4},"end":{"line":404,"column":44}},"195":{"start":{"line":408,"column":4},"end":{"line":420,"column":5}},"196":{"start":{"line":410,"column":28},"end":{"line":410,"column":77}},"197":{"start":{"line":412,"column":29},"end":{"line":412,"column":63}},"198":{"start":{"line":413,"column":8},"end":{"line":419,"column":11}},"199":{"start":{"line":414,"column":12},"end":{"line":418,"column":13}},"200":{"start":{"line":415,"column":16},"end":{"line":415,"column":50}},"201":{"start":{"line":417,"column":16},"end":{"line":417,"column":53}},"202":{"start":{"line":424,"column":21},"end":{"line":424,"column":50}},"203":{"start":{"line":426,"column":0},"end":{"line":426,"column":32}},"204":{"start":{"line":427,"column":0},"end":{"line":427,"column":32}},"205":{"start":{"line":428,"column":0},"end":{"line":428,"column":32}},"206":{"start":{"line":429,"column":0},"end":{"line":429,"column":33}},"207":{"start":{"line":430,"column":0},"end":{"line":430,"column":33}},"208":{"start":{"line":431,"column":0},"end":{"line":431,"column":33}},"209":{"start":{"line":433,"column":0},"end":{"line":433,"column":39}},"210":{"start":{"line":435,"column":0},"end":{"line":435,"column":29}},"211":{"start":{"line":437,"column":0},"end":{"line":437,"column":33}},"212":{"start":{"line":438,"column":0},"end":{"line":438,"column":34}},"213":{"start":{"line":439,"column":0},"end":{"line":439,"column":40}},"214":{"start":{"line":440,"column":0},"end":{"line":440,"column":20}},"215":{"start":{"line":444,"column":21},"end":{"line":444,"column":55}},"216":{"start":{"line":445,"column":0},"end":{"line":477,"column":3}},"217":{"start":{"line":447,"column":4},"end":{"line":452,"column":6}},"218":{"start":{"line":448,"column":25},"end":{"line":448,"column":54}},"219":{"start":{"line":449,"column":8},"end":{"line":449,"column":45}},"220":{"start":{"line":450,"column":8},"end":{"line":450,"column":43}},"221":{"start":{"line":451,"column":8},"end":{"line":451,"column":53}},"222":{"start":{"line":454,"column":4},"end":{"line":456,"column":6}},"223":{"start":{"line":455,"column":8},"end":{"line":455,"column":55}},"224":{"start":{"line":458,"column":4},"end":{"line":476,"column":7}},"225":{"start":{"line":460,"column":8},"end":{"line":460,"column":54}},"226":{"start":{"line":460,"column":47},"end":{"line":460,"column":54}},"227":{"start":{"line":462,"column":8},"end":{"line":475,"column":9}},"228":{"start":{"line":463,"column":12},"end":{"line":463,"column":56}},"229":{"start":{"line":465,"column":35},"end":{"line":465,"column":67}},"230":{"start":{"line":466,"column":12},"end":{"line":474,"column":13}},"231":{"start":{"line":468,"column":16},"end":{"line":468,"column":60}},"232":{"start":{"line":469,"column":16},"end":{"line":469,"column":50}},"233":{"start":{"line":472,"column":16},"end":{"line":472,"column":63}},"234":{"start":{"line":473,"column":16},"end":{"line":473,"column":50}},"235":{"start":{"line":482,"column":4},"end":{"line":484,"column":7}},"236":{"start":{"line":483,"column":8},"end":{"line":483,"column":46}},"237":{"start":{"line":485,"column":4},"end":{"line":485,"column":60}},"238":{"start":{"line":486,"column":4},"end":{"line":486,"column":64}},"239":{"start":{"line":487,"column":25},"end":{"line":487,"column":65}},"240":{"start":{"line":488,"column":0},"end":{"line":506,"column":2}},"241":{"start":{"line":490,"column":24},"end":{"line":490,"column":56}},"242":{"start":{"line":491,"column":4},"end":{"line":497,"column":5}},"243":{"start":{"line":492,"column":8},"end":{"line":495,"column":11}},"244":{"start":{"line":493,"column":23},"end":{"line":493,"column":50}},"245":{"start":{"line":494,"column":12},"end":{"line":494,"column":58}},"246":{"start":{"line":494,"column":20},"end":{"line":494,"column":58}},"247":{"start":{"line":496,"column":8},"end":{"line":496,"column":41}},"248":{"start":{"line":499,"column":4},"end":{"line":499,"column":60}},"249":{"start":{"line":500,"column":4},"end":{"line":500,"column":64}},"250":{"start":{"line":503,"column":4},"end":{"line":503,"column":53}},"251":{"start":{"line":504,"column":4},"end":{"line":504,"column":24}},"252":{"start":{"line":505,"column":4},"end":{"line":505,"column":44}},"253":{"start":{"line":509,"column":22},"end":{"line":509,"column":64}},"254":{"start":{"line":510,"column":0},"end":{"line":525,"column":2}},"255":{"start":{"line":512,"column":29},"end":{"line":512,"column":74}},"256":{"start":{"line":513,"column":30},"end":{"line":513,"column":76}},"257":{"start":{"line":515,"column":23},"end":{"line":515,"column":71}},"258":{"start":{"line":517,"column":4},"end":{"line":517,"column":30}},"259":{"start":{"line":518,"column":4},"end":{"line":518,"column":40}},"260":{"start":{"line":519,"column":4},"end":{"line":519,"column":33}},"261":{"start":{"line":520,"column":4},"end":{"line":520,"column":38}},"262":{"start":{"line":521,"column":4},"end":{"line":521,"column":44}},"263":{"start":{"line":523,"column":4},"end":{"line":523,"column":68}},"264":{"start":{"line":524,"column":4},"end":{"line":524,"column":24}},"265":{"start":{"line":528,"column":25},"end":{"line":528,"column":70}},"266":{"start":{"line":529,"column":0},"end":{"line":545,"column":2}},"267":{"start":{"line":531,"column":29},"end":{"line":531,"column":74}},"268":{"start":{"line":532,"column":30},"end":{"line":532,"column":76}},"269":{"start":{"line":534,"column":27},"end":{"line":534,"column":59}},"270":{"start":{"line":535,"column":4},"end":{"line":535,"column":30}},"271":{"start":{"line":536,"column":4},"end":{"line":536,"column":40}},"272":{"start":{"line":537,"column":4},"end":{"line":537,"column":45}},"273":{"start":{"line":538,"column":4},"end":{"line":538,"column":47}},"274":{"start":{"line":540,"column":4},"end":{"line":540,"column":33}},"275":{"start":{"line":541,"column":4},"end":{"line":541,"column":44}},"276":{"start":{"line":543,"column":4},"end":{"line":543,"column":70}},"277":{"start":{"line":544,"column":4},"end":{"line":544,"column":24}},"278":{"start":{"line":548,"column":25},"end":{"line":548,"column":70}},"279":{"start":{"line":549,"column":0},"end":{"line":571,"column":2}},"280":{"start":{"line":552,"column":29},"end":{"line":552,"column":74}},"281":{"start":{"line":554,"column":29},"end":{"line":554,"column":63}},"282":{"start":{"line":556,"column":26},"end":{"line":556,"column":57}},"283":{"start":{"line":557,"column":26},"end":{"line":559,"column":6}},"284":{"start":{"line":558,"column":8},"end":{"line":558,"column":52}},"285":{"start":{"line":561,"column":4},"end":{"line":561,"column":30}},"286":{"start":{"line":562,"column":4},"end":{"line":562,"column":58}},"287":{"start":{"line":563,"column":4},"end":{"line":563,"column":42}},"288":{"start":{"line":565,"column":4},"end":{"line":565,"column":33}},"289":{"start":{"line":566,"column":4},"end":{"line":566,"column":37}},"290":{"start":{"line":567,"column":4},"end":{"line":567,"column":44}},"291":{"start":{"line":569,"column":4},"end":{"line":569,"column":70}},"292":{"start":{"line":570,"column":4},"end":{"line":570,"column":24}},"293":{"start":{"line":574,"column":21},"end":{"line":574,"column":62}},"294":{"start":{"line":575,"column":0},"end":{"line":582,"column":2}},"295":{"start":{"line":578,"column":27},"end":{"line":578,"column":59}},"296":{"start":{"line":580,"column":4},"end":{"line":580,"column":31}},"297":{"start":{"line":581,"column":4},"end":{"line":581,"column":33}}},"fnMap":{"0":{"name":"(anonymous_0)","decl":{"start":{"line":4,"column":4},"end":{"line":4,"column":5}},"loc":{"start":{"line":4,"column":22},"end":{"line":10,"column":5}},"line":4},"1":{"name":"(anonymous_1)","decl":{"start":{"line":11,"column":4},"end":{"line":11,"column":5}},"loc":{"start":{"line":11,"column":14},"end":{"line":13,"column":5}},"line":11},"2":{"name":"(anonymous_2)","decl":{"start":{"line":14,"column":4},"end":{"line":14,"column":5}},"loc":{"start":{"line":14,"column":22},"end":{"line":16,"column":5}},"line":14},"3":{"name":"(anonymous_3)","decl":{"start":{"line":17,"column":4},"end":{"line":17,"column":5}},"loc":{"start":{"line":17,"column":22},"end":{"line":19,"column":5}},"line":17},"4":{"name":"(anonymous_4)","decl":{"start":{"line":20,"column":4},"end":{"line":20,"column":5}},"loc":{"start":{"line":20,"column":31},"end":{"line":33,"column":5}},"line":20},"5":{"name":"(anonymous_5)","decl":{"start":{"line":23,"column":24},"end":{"line":23,"column":25}},"loc":{"start":{"line":23,"column":36},"end":{"line":32,"column":9}},"line":23},"6":{"name":"(anonymous_6)","decl":{"start":{"line":34,"column":4},"end":{"line":34,"column":5}},"loc":{"start":{"line":34,"column":31},"end":{"line":36,"column":5}},"line":34},"7":{"name":"(anonymous_7)","decl":{"start":{"line":37,"column":4},"end":{"line":37,"column":5}},"loc":{"start":{"line":37,"column":24},"end":{"line":62,"column":1}},"line":37},"8":{"name":"(anonymous_8)","decl":{"start":{"line":41,"column":20},"end":{"line":41,"column":21}},"loc":{"start":{"line":41,"column":32},"end":{"line":61,"column":5}},"line":41},"9":{"name":"(anonymous_9)","decl":{"start":{"line":63,"column":4},"end":{"line":63,"column":5}},"loc":{"start":{"line":63,"column":24},"end":{"line":65,"column":5}},"line":63},"10":{"name":"(anonymous_10)","decl":{"start":{"line":66,"column":4},"end":{"line":66,"column":5}},"loc":{"start":{"line":66,"column":23},"end":{"line":68,"column":5}},"line":66},"11":{"name":"(anonymous_11)","decl":{"start":{"line":69,"column":4},"end":{"line":69,"column":5}},"loc":{"start":{"line":69,"column":25},"end":{"line":85,"column":5}},"line":69},"12":{"name":"(anonymous_12)","decl":{"start":{"line":77,"column":25},"end":{"line":77,"column":26}},"loc":{"start":{"line":77,"column":38},"end":{"line":82,"column":9}},"line":77},"13":{"name":"(anonymous_13)","decl":{"start":{"line":86,"column":4},"end":{"line":86,"column":5}},"loc":{"start":{"line":86,"column":26},"end":{"line":88,"column":5}},"line":86},"14":{"name":"(anonymous_14)","decl":{"start":{"line":89,"column":4},"end":{"line":89,"column":5}},"loc":{"start":{"line":89,"column":24},"end":{"line":96,"column":5}},"line":89},"15":{"name":"(anonymous_15)","decl":{"start":{"line":93,"column":29},"end":{"line":93,"column":30}},"loc":{"start":{"line":93,"column":42},"end":{"line":95,"column":9}},"line":93},"16":{"name":"(anonymous_16)","decl":{"start":{"line":97,"column":4},"end":{"line":97,"column":5}},"loc":{"start":{"line":97,"column":35},"end":{"line":100,"column":5}},"line":97},"17":{"name":"(anonymous_17)","decl":{"start":{"line":101,"column":4},"end":{"line":101,"column":5}},"loc":{"start":{"line":101,"column":31},"end":{"line":113,"column":5}},"line":101},"18":{"name":"(anonymous_18)","decl":{"start":{"line":114,"column":4},"end":{"line":114,"column":5}},"loc":{"start":{"line":114,"column":20},"end":{"line":124,"column":5}},"line":114},"19":{"name":"(anonymous_19)","decl":{"start":{"line":125,"column":4},"end":{"line":125,"column":5}},"loc":{"start":{"line":125,"column":20},"end":{"line":140,"column":5}},"line":125},"20":{"name":"(anonymous_20)","decl":{"start":{"line":133,"column":33},"end":{"line":133,"column":34}},"loc":{"start":{"line":133,"column":46},"end":{"line":138,"column":13}},"line":133},"21":{"name":"(anonymous_21)","decl":{"start":{"line":141,"column":0},"end":{"line":141,"column":1}},"loc":{"start":{"line":141,"column":21},"end":{"line":176,"column":5}},"line":141},"22":{"name":"(anonymous_22)","decl":{"start":{"line":153,"column":28},"end":{"line":153,"column":29}},"loc":{"start":{"line":153,"column":40},"end":{"line":175,"column":5}},"line":153},"23":{"name":"(anonymous_23)","decl":{"start":{"line":158,"column":50},"end":{"line":158,"column":51}},"loc":{"start":{"line":158,"column":63},"end":{"line":160,"column":9}},"line":158},"24":{"name":"(anonymous_24)","decl":{"start":{"line":209,"column":4},"end":{"line":209,"column":5}},"loc":{"start":{"line":209,"column":29},"end":{"line":215,"column":5}},"line":209},"25":{"name":"(anonymous_25)","decl":{"start":{"line":216,"column":4},"end":{"line":216,"column":5}},"loc":{"start":{"line":216,"column":12},"end":{"line":218,"column":5}},"line":216},"26":{"name":"(anonymous_26)","decl":{"start":{"line":219,"column":4},"end":{"line":219,"column":5}},"loc":{"start":{"line":219,"column":14},"end":{"line":221,"column":5}},"line":219},"27":{"name":"(anonymous_27)","decl":{"start":{"line":222,"column":4},"end":{"line":222,"column":5}},"loc":{"start":{"line":222,"column":15},"end":{"line":224,"column":5}},"line":222},"28":{"name":"(anonymous_28)","decl":{"start":{"line":225,"column":4},"end":{"line":225,"column":5}},"loc":{"start":{"line":225,"column":18},"end":{"line":227,"column":5}},"line":225},"29":{"name":"(anonymous_29)","decl":{"start":{"line":228,"column":4},"end":{"line":228,"column":5}},"loc":{"start":{"line":228,"column":20},"end":{"line":230,"column":5}},"line":228},"30":{"name":"(anonymous_30)","decl":{"start":{"line":231,"column":4},"end":{"line":231,"column":5}},"loc":{"start":{"line":231,"column":21},"end":{"line":233,"column":5}},"line":231},"31":{"name":"(anonymous_31)","decl":{"start":{"line":234,"column":4},"end":{"line":234,"column":5}},"loc":{"start":{"line":234,"column":16},"end":{"line":245,"column":5}},"line":234},"32":{"name":"(anonymous_32)","decl":{"start":{"line":238,"column":30},"end":{"line":238,"column":31}},"loc":{"start":{"line":238,"column":40},"end":{"line":240,"column":9}},"line":238},"33":{"name":"(anonymous_33)","decl":{"start":{"line":246,"column":4},"end":{"line":246,"column":5}},"loc":{"start":{"line":246,"column":23},"end":{"line":248,"column":5}},"line":246},"34":{"name":"(anonymous_34)","decl":{"start":{"line":249,"column":4},"end":{"line":249,"column":5}},"loc":{"start":{"line":249,"column":26},"end":{"line":251,"column":5}},"line":249},"35":{"name":"(anonymous_35)","decl":{"start":{"line":252,"column":4},"end":{"line":252,"column":5}},"loc":{"start":{"line":252,"column":31},"end":{"line":259,"column":1}},"line":252},"36":{"name":"(anonymous_36)","decl":{"start":{"line":253,"column":48},"end":{"line":253,"column":49}},"loc":{"start":{"line":253,"column":56},"end":{"line":255,"column":5}},"line":253},"37":{"name":"(anonymous_37)","decl":{"start":{"line":260,"column":4},"end":{"line":260,"column":5}},"loc":{"start":{"line":260,"column":25},"end":{"line":262,"column":5}},"line":260},"38":{"name":"(anonymous_38)","decl":{"start":{"line":263,"column":4},"end":{"line":263,"column":5}},"loc":{"start":{"line":263,"column":31},"end":{"line":265,"column":5}},"line":263},"39":{"name":"(anonymous_39)","decl":{"start":{"line":266,"column":4},"end":{"line":266,"column":5}},"loc":{"start":{"line":266,"column":22},"end":{"line":276,"column":5}},"line":266},"40":{"name":"(anonymous_40)","decl":{"start":{"line":270,"column":29},"end":{"line":270,"column":30}},"loc":{"start":{"line":270,"column":39},"end":{"line":275,"column":9}},"line":270},"41":{"name":"(anonymous_41)","decl":{"start":{"line":280,"column":4},"end":{"line":280,"column":5}},"loc":{"start":{"line":280,"column":56},"end":{"line":302,"column":5}},"line":280},"42":{"name":"(anonymous_42)","decl":{"start":{"line":303,"column":4},"end":{"line":303,"column":5}},"loc":{"start":{"line":303,"column":12},"end":{"line":305,"column":5}},"line":303},"43":{"name":"(anonymous_43)","decl":{"start":{"line":306,"column":4},"end":{"line":306,"column":5}},"loc":{"start":{"line":306,"column":25},"end":{"line":308,"column":5}},"line":306},"44":{"name":"(anonymous_44)","decl":{"start":{"line":309,"column":4},"end":{"line":309,"column":5}},"loc":{"start":{"line":309,"column":40},"end":{"line":311,"column":5}},"line":309},"45":{"name":"(anonymous_45)","decl":{"start":{"line":312,"column":4},"end":{"line":312,"column":5}},"loc":{"start":{"line":312,"column":19},"end":{"line":363,"column":5}},"line":312},"46":{"name":"(anonymous_46)","decl":{"start":{"line":386,"column":26},"end":{"line":386,"column":27}},"loc":{"start":{"line":386,"column":36},"end":{"line":399,"column":1}},"line":386},"47":{"name":"initializeApp","decl":{"start":{"line":402,"column":9},"end":{"line":402,"column":22}},"loc":{"start":{"line":402,"column":37},"end":{"line":405,"column":1}},"line":402},"48":{"name":"renderBookedSeats","decl":{"start":{"line":407,"column":9},"end":{"line":407,"column":26}},"loc":{"start":{"line":407,"column":29},"end":{"line":421,"column":1}},"line":407},"49":{"name":"(anonymous_49)","decl":{"start":{"line":413,"column":29},"end":{"line":413,"column":30}},"loc":{"start":{"line":413,"column":39},"end":{"line":419,"column":9}},"line":413},"50":{"name":"(anonymous_50)","decl":{"start":{"line":445,"column":21},"end":{"line":445,"column":22}},"loc":{"start":{"line":445,"column":31},"end":{"line":477,"column":1}},"line":445},"51":{"name":"(anonymous_51)","decl":{"start":{"line":447,"column":39},"end":{"line":447,"column":40}},"loc":{"start":{"line":447,"column":46},"end":{"line":452,"column":5}},"line":447},"52":{"name":"(anonymous_52)","decl":{"start":{"line":454,"column":40},"end":{"line":454,"column":41}},"loc":{"start":{"line":454,"column":46},"end":{"line":456,"column":5}},"line":454},"53":{"name":"(anonymous_53)","decl":{"start":{"line":458,"column":35},"end":{"line":458,"column":36}},"loc":{"start":{"line":458,"column":42},"end":{"line":476,"column":5}},"line":458},"54":{"name":"clearAllReservedVisuals","decl":{"start":{"line":481,"column":9},"end":{"line":481,"column":32}},"loc":{"start":{"line":481,"column":35},"end":{"line":487,"column":1}},"line":481},"55":{"name":"(anonymous_55)","decl":{"start":{"line":482,"column":57},"end":{"line":482,"column":58}},"loc":{"start":{"line":482,"column":63},"end":{"line":484,"column":5}},"line":482},"56":{"name":"(anonymous_56)","decl":{"start":{"line":488,"column":43},"end":{"line":488,"column":44}},"loc":{"start":{"line":488,"column":50},"end":{"line":506,"column":1}},"line":488},"57":{"name":"(anonymous_57)","decl":{"start":{"line":492,"column":47},"end":{"line":492,"column":48}},"loc":{"start":{"line":492,"column":53},"end":{"line":495,"column":9}},"line":492},"58":{"name":"(anonymous_58)","decl":{"start":{"line":510,"column":40},"end":{"line":510,"column":41}},"loc":{"start":{"line":510,"column":47},"end":{"line":525,"column":1}},"line":510},"59":{"name":"(anonymous_59)","decl":{"start":{"line":529,"column":43},"end":{"line":529,"column":44}},"loc":{"start":{"line":529,"column":49},"end":{"line":545,"column":1}},"line":529},"60":{"name":"(anonymous_60)","decl":{"start":{"line":549,"column":43},"end":{"line":549,"column":44}},"loc":{"start":{"line":549,"column":49},"end":{"line":571,"column":1}},"line":549},"61":{"name":"(anonymous_61)","decl":{"start":{"line":557,"column":50},"end":{"line":557,"column":51}},"loc":{"start":{"line":557,"column":63},"end":{"line":559,"column":5}},"line":557},"62":{"name":"(anonymous_62)","decl":{"start":{"line":575,"column":39},"end":{"line":575,"column":40}},"loc":{"start":{"line":575,"column":45},"end":{"line":582,"column":1}},"line":575}},"branchMap":{"0":{"loc":{"start":{"line":105,"column":8},"end":{"line":112,"column":9}},"type":"if","locations":[{"start":{"line":105,"column":8},"end":{"line":112,"column":9}},{"start":{},"end":{}}],"line":105},"1":{"loc":{"start":{"line":116,"column":8},"end":{"line":123,"column":9}},"type":"if","locations":[{"start":{"line":116,"column":8},"end":{"line":123,"column":9}},{"start":{"line":119,"column":15},"end":{"line":123,"column":9}}],"line":116},"2":{"loc":{"start":{"line":129,"column":8},"end":{"line":139,"column":9}},"type":"if","locations":[{"start":{"line":129,"column":8},"end":{"line":139,"column":9}},{"start":{"line":132,"column":15},"end":{"line":139,"column":9}}],"line":129},"3":{"loc":{"start":{"line":143,"column":4},"end":{"line":143,"column":32}},"type":"if","locations":[{"start":{"line":143,"column":4},"end":{"line":143,"column":32}},{"start":{},"end":{}}],"line":143},"4":{"loc":{"start":{"line":156,"column":8},"end":{"line":156,"column":33}},"type":"if","locations":[{"start":{"line":156,"column":8},"end":{"line":156,"column":33}},{"start":{},"end":{}}],"line":156},"5":{"loc":{"start":{"line":256,"column":4},"end":{"line":258,"column":5}},"type":"if","locations":[{"start":{"line":256,"column":4},"end":{"line":258,"column":5}},{"start":{},"end":{}}],"line":256},"6":{"loc":{"start":{"line":271,"column":12},"end":{"line":274,"column":13}},"type":"if","locations":[{"start":{"line":271,"column":12},"end":{"line":274,"column":13}},{"start":{},"end":{}}],"line":271},"7":{"loc":{"start":{"line":280,"column":20},"end":{"line":280,"column":39}},"type":"default-arg","locations":[{"start":{"line":280,"column":38},"end":{"line":280,"column":39}}],"line":280},"8":{"loc":{"start":{"line":316,"column":8},"end":{"line":316,"column":65}},"type":"if","locations":[{"start":{"line":316,"column":8},"end":{"line":316,"column":65}},{"start":{},"end":{}}],"line":316},"9":{"loc":{"start":{"line":321,"column":8},"end":{"line":321,"column":69}},"type":"if","locations":[{"start":{"line":321,"column":8},"end":{"line":321,"column":69}},{"start":{},"end":{}}],"line":321},"10":{"loc":{"start":{"line":347,"column":16},"end":{"line":354,"column":17}},"type":"if","locations":[{"start":{"line":347,"column":16},"end":{"line":354,"column":17}},{"start":{},"end":{}}],"line":347},"11":{"loc":{"start":{"line":391,"column":8},"end":{"line":394,"column":9}},"type":"if","locations":[{"start":{"line":391,"column":8},"end":{"line":394,"column":9}},{"start":{},"end":{}}],"line":391},"12":{"loc":{"start":{"line":397,"column":16},"end":{"line":397,"column":120}},"type":"cond-expr","locations":[{"start":{"line":397,"column":23},"end":{"line":397,"column":103}},{"start":{"line":397,"column":106},"end":{"line":397,"column":120}}],"line":397},"13":{"loc":{"start":{"line":398,"column":16},"end":{"line":398,"column":121}},"type":"cond-expr","locations":[{"start":{"line":398,"column":23},"end":{"line":398,"column":112}},{"start":{"line":398,"column":115},"end":{"line":398,"column":121}}],"line":398},"14":{"loc":{"start":{"line":408,"column":4},"end":{"line":420,"column":5}},"type":"if","locations":[{"start":{"line":408,"column":4},"end":{"line":420,"column":5}},{"start":{},"end":{}}],"line":408},"15":{"loc":{"start":{"line":414,"column":12},"end":{"line":418,"column":13}},"type":"if","locations":[{"start":{"line":414,"column":12},"end":{"line":418,"column":13}},{"start":{"line":416,"column":19},"end":{"line":418,"column":13}}],"line":414},"16":{"loc":{"start":{"line":460,"column":8},"end":{"line":460,"column":54}},"type":"if","locations":[{"start":{"line":460,"column":8},"end":{"line":460,"column":54}},{"start":{},"end":{}}],"line":460},"17":{"loc":{"start":{"line":462,"column":8},"end":{"line":475,"column":9}},"type":"if","locations":[{"start":{"line":462,"column":8},"end":{"line":475,"column":9}},{"start":{},"end":{}}],"line":462},"18":{"loc":{"start":{"line":466,"column":12},"end":{"line":474,"column":13}},"type":"if","locations":[{"start":{"line":466,"column":12},"end":{"line":474,"column":13}},{"start":{"line":470,"column":19},"end":{"line":474,"column":13}}],"line":466},"19":{"loc":{"start":{"line":491,"column":4},"end":{"line":497,"column":5}},"type":"if","locations":[{"start":{"line":491,"column":4},"end":{"line":497,"column":5}},{"start":{},"end":{}}],"line":491},"20":{"loc":{"start":{"line":494,"column":12},"end":{"line":494,"column":58}},"type":"if","locations":[{"start":{"line":494,"column":12},"end":{"line":494,"column":58}},{"start":{},"end":{}}],"line":494}},"s":{"0":0,"1":0,"2":0,"3":0,"4":0,"5":0,"6":0,"7":0,"8":0,"9":0,"10":0,"11":0,"12":0,"13":0,"14":0,"15":0,"16":0,"17":0,"18":0,"19":0,"20":0,"21":0,"22":0,"23":0,"24":0,"25":0,"26":0,"27":0,"28":0,"29":0,"30":0,"31":0,"32":0,"33":0,"34":0,"35":0,"36":0,"37":0,"38":0,"39":0,"40":0,"41":0,"42":0,"43":0,"44":0,"45":0,"46":0,"47":0,"48":0,"49":0,"50":0,"51":0,"52":0,"53":0,"54":0,"55":0,"56":0,"57":0,"58":0,"59":0,"60":0,"61":0,"62":0,"63":0,"64":0,"65":0,"66":0,"67":0,"68":0,"69":0,"70":0,"71":0,"72":0,"73":0,"74":0,"75":0,"76":0,"77":0,"78":0,"79":0,"80":0,"81":0,"82":0,"83":0,"84":0,"85":0,"86":0,"87":0,"88":0,"89":0,"90":0,"91":0,"92":0,"93":0,"94":0,"95":0,"96":0,"97":0,"98":0,"99":0,"100":0,"101":0,"102":0,"103":0,"104":0,"105":0,"106":0,"107":0,"108":0,"109":0,"110":0,"111":0,"112":0,"113":0,"114":0,"115":0,"116":0,"117":0,"118":0,"119":0,"120":0,"121":0,"122":0,"123":0,"124":0,"125":0,"126":0,"127":0,"128":0,"129":0,"130":0,"131":0,"132":0,"133":0,"134":0,"135":0,"136":0,"137":0,"138":0,"139":0,"140":0,"141":0,"142":0,"143":0,"144":0,"145":0,"146":0,"147":0,"148":0,"149":0,"150":0,"151":0,"152":0,"153":0,"154":0,"155":0,"156":0,"157":0,"158":0,"159":0,"160":0,"161":0,"162":0,"163":0,"164":0,"165":0,"166":0,"167":0,"168":0,"169":0,"170":0,"171":0,"172":0,"173":0,"174":0,"175":0,"176":0,"177":0,"178":0,"179":0,"180":0,"181":0,"182":0,"183":0,"184":0,"185":0,"186":0,"187":0,"188":0,"189":0,"190":0,"191":0,"192":0,"193":0,"194":0,"195":0,"196":0,"197":0,"198":0,"199":0,"200":0,"201":0,"202":0,"203":0,"204":0,"205":0,"206":0,"207":0,"208":0,"209":0,"210":0,"211":0,"212":0,"213":0,"214":0,"215":0,"216":0,"217":0,"218":0,"219":0,"220":0,"221":0,"222":0,"223":0,"224":0,"225":0,"226":0,"227":0,"228":0,"229":0,"230":0,"231":0,"232":0,"233":0,"234":0,"235":0,"236":0,"237":0,"238":0,"239":0,"240":0,"241":0,"242":0,"243":0,"244":0,"245":0,"246":0,"247":0,"248":0,"249":0,"250":0,"251":0,"252":0,"253":0,"254":0,"255":0,"256":0,"257":0,"258":0,"259":0,"260":0,"261":0,"262":0,"263":0,"264":0,"265":0,"266":0,"267":0,"268":0,"269":0,"270":0,"271":0,"272":0,"273":0,"274":0,"275":0,"276":0,"277":0,"278":0,"279":0,"280":0,"281":0,"282":0,"283":0,"284":0,"285":0,"286":0,"287":0,"288":0,"289":0,"290":0,"291":0,"292":0,"293":0,"294":0,"295":0,"296":0,"297":0},"f":{"0":0,"1":0,"2":0,"3":0,"4":0,"5":0,"6":0,"7":0,"8":0,"9":0,"10":0,"11":0,"12":0,"13":0,"14":0,"15":0,"16":0,"17":0,"18":0,"19":0,"20":0,"21":0,"22":0,"23":0,"24":0,"25":0,"26":0,"27":0,"28":0,"29":0,"30":0,"31":0,"32":0,"33":0,"34":0,"35":0,"36":0,"37":0,"38":0,"39":0,"40":0,"41":0,"42":0,"43":0,"44":0,"45":0,"46":0,"47":0,"48":0,"49":0,"50":0,"51":0,"52":0,"53":0,"54":0,"55":0,"56":0,"57":0,"58":0,"59":0,"60":0,"61":0,"62":0},"b":{"0":[0,0],"1":[0,0],"2":[0,0],"3":[0,0],"4":[0,0],"5":[0,0],"6":[0,0],"7":[0],"8":[0,0],"9":[0,0],"10":[0,0],"11":[0,0],"12":[0,0],"13":[0,0],"14":[0,0],"15":[0,0],"16":[0,0],"17":[0,0],"18":[0,0],"19":[0,0],"20":[0,0]}}
}
