TN:
SF:script\Service.js
FN:4,(anonymous_0)
FN:11,(anonymous_1)
FN:14,(anonymous_2)
FN:17,(anonymous_3)
FN:20,(anonymous_4)
FN:23,(anonymous_5)
FN:26,(anonymous_6)
FN:29,(anonymous_7)
FN:32,(anonymous_8)
FN:35,(anonymous_9)
FN:36,(anonymous_10)
FN:41,(anonymous_11)
FN:44,(anonymous_12)
FN:47,(anonymous_13)
FN:49,(anonymous_14)
FNF:15
FNH:14
FNDA:20,(anonymous_0)
FNDA:0,(anonymous_1)
FNDA:2,(anonymous_2)
FNDA:2,(anonymous_3)
FNDA:1,(anonymous_4)
FNDA:1,(anonymous_5)
FNDA:7,(anonymous_6)
FNDA:19,(anonymous_7)
FNDA:24,(anonymous_8)
FNDA:6,(anonymous_9)
FNDA:7,(anonymous_10)
FNDA:9,(anonymous_11)
FNDA:1,(anonymous_12)
FNDA:6,(anonymous_13)
FNDA:7,(anonymous_14)
DA:5,20
DA:6,20
DA:7,20
DA:8,20
DA:9,20
DA:12,0
DA:15,2
DA:18,2
DA:21,1
DA:24,1
DA:27,7
DA:30,19
DA:33,24
DA:36,7
DA:37,6
DA:38,4
DA:42,9
DA:45,1
DA:48,6
DA:49,6
DA:50,7
DA:52,6
DA:56,1
LF:23
LH:22
BRDA:37,0,0,4
BRDA:37,0,1,2
BRF:2
BRH:2
end_of_record
